<?xml version="1.0" encoding="UTF-8"?>
<!-- Generated by org.testng.reporters.JUnitXMLReporter -->
<testsuite ignored="0" hostname="DESKTOP-P0E83JL" failures="0" tests="4" name="Test" time="1.621" errors="0" timestamp="2023-05-22T16:30:22 IST">
  <testcase classname="ExcelData" name="excelDataTest" time="0.004"/>
  <testcase classname="ExcelData" name="excelDataTest" time="0.016"/>
  <testcase classname="ExcelData" name="excelDataTest" time="0.004"/>
  <testcase classname="ExcelData" name="excelDataTest" time="0.001"/>
</testsuite> <!-- Test -->
